2024-01-17 18:57:33.125 [info] Log level: Info
2024-01-17 18:57:33.125 [info] Validating found git in: "git"
2024-01-17 18:57:33.125 [info] Using git "2.25.1" from "git"
2024-01-17 18:57:33.125 [info] > git rev-parse --show-toplevel [60ms]
2024-01-17 18:57:33.125 [info] > git rev-parse --git-dir --git-common-dir [2ms]
2024-01-17 18:57:33.125 [info] Open repository: /home/kiit
2024-01-17 18:57:33.125 [info] > git rev-parse --show-toplevel [18ms]
2024-01-17 18:57:33.125 [info] > git config --get commit.template [23ms]
2024-01-17 18:57:33.145 [info] > git rev-parse --show-toplevel [8ms]
2024-01-17 18:57:33.151 [info] > git for-each-ref --format=%(refname)%00%(upstream:short)%00%(objectname)%00%(upstream:track)%00%(upstream:remotename)%00%(upstream:remoteref) refs/heads/master refs/remotes/master [8ms]
2024-01-17 18:57:33.152 [info] > git rev-parse --show-toplevel [3ms]
2024-01-17 18:57:33.172 [info] > git rev-parse --show-toplevel [12ms]
2024-01-17 18:57:33.177 [info] > git rev-parse --show-toplevel [2ms]
2024-01-17 18:57:33.181 [info] > git rev-parse --show-toplevel [1ms]
2024-01-17 18:57:33.186 [info] > git rev-parse --show-toplevel [2ms]
2024-01-17 18:57:33.278 [info] > git status -z -uall [112ms]
2024-01-17 18:57:33.301 [info] > git config --get commit.template [6ms]
2024-01-17 18:57:33.302 [info] > git for-each-ref --format=%(refname)%00%(upstream:short)%00%(objectname)%00%(upstream:track)%00%(upstream:remotename)%00%(upstream:remoteref) refs/heads/master refs/remotes/master [2ms]
2024-01-17 18:57:33.321 [info] > git status -z -uall [15ms]
2024-01-17 18:57:33.643 [info] > git ls-files --stage -- /home/kiit/.gitconfig [7ms]
2024-01-17 18:57:33.650 [info] > git show --textconv :.gitconfig [20ms]
2024-01-17 18:57:33.652 [info] > git cat-file -s 686bef026d16f9cfe9e26fb6776cab1986e15727 [3ms]
2024-01-17 18:57:33.677 [info] > git check-ignore -v -z --stdin [1ms]
2024-01-17 19:01:29.694 [info] > git config --get commit.template [2ms]
2024-01-17 19:01:29.700 [info] > git for-each-ref --format=%(refname)%00%(upstream:short)%00%(objectname)%00%(upstream:track)%00%(upstream:remotename)%00%(upstream:remoteref) refs/heads/master refs/remotes/master [1ms]
2024-01-17 19:01:29.714 [info] > git status -z -uall [9ms]
2024-01-17 19:01:30.392 [info] > git fetch [708ms]
2024-01-17 19:01:30.400 [info] > git config --get commit.template [4ms]
2024-01-17 19:01:30.400 [info] > git for-each-ref --format=%(refname)%00%(upstream:short)%00%(objectname)%00%(upstream:track)%00%(upstream:remotename)%00%(upstream:remoteref) refs/heads/master refs/remotes/master [1ms]
2024-01-17 19:01:30.411 [info] > git status -z -uall [8ms]
2024-01-17 19:01:31.651 [info] > git ls-files --stage -- /home/kiit/.gitconfig [1ms]
2024-01-17 19:01:31.655 [info] > git cat-file -s 686bef026d16f9cfe9e26fb6776cab1986e15727 [1ms]
2024-01-17 19:01:31.662 [info] > git show --textconv :.gitconfig [1ms]
2024-01-17 19:01:34.727 [info] > git config --get commit.template [1ms]
2024-01-17 19:01:34.730 [info] > git for-each-ref --format=%(refname)%00%(upstream:short)%00%(objectname)%00%(upstream:track)%00%(upstream:remotename)%00%(upstream:remoteref) refs/heads/master refs/remotes/master [1ms]
2024-01-17 19:01:34.741 [info] > git status -z -uall [8ms]
2024-01-17 19:01:39.426 [info] > git check-ignore -v -z --stdin [2ms]
2024-01-17 19:01:39.751 [info] > git config --get commit.template [1ms]
2024-01-17 19:01:39.754 [info] > git for-each-ref --format=%(refname)%00%(upstream:short)%00%(objectname)%00%(upstream:track)%00%(upstream:remotename)%00%(upstream:remoteref) refs/heads/master refs/remotes/master [1ms]
2024-01-17 19:01:39.767 [info] > git status -z -uall [10ms]
2024-01-17 19:01:44.774 [info] > git config --get commit.template [1ms]
2024-01-17 19:01:44.777 [info] > git for-each-ref --format=%(refname)%00%(upstream:short)%00%(objectname)%00%(upstream:track)%00%(upstream:remotename)%00%(upstream:remoteref) refs/heads/master refs/remotes/master [0ms]
2024-01-17 19:01:44.788 [info] > git status -z -uall [8ms]
2024-01-17 19:01:49.804 [info] > git config --get commit.template [1ms]
2024-01-17 19:01:49.809 [info] > git for-each-ref --format=%(refname)%00%(upstream:short)%00%(objectname)%00%(upstream:track)%00%(upstream:remotename)%00%(upstream:remoteref) refs/heads/master refs/remotes/master [1ms]
2024-01-17 19:01:49.820 [info] > git status -z -uall [8ms]
2024-01-17 19:01:51.814 [info] > git merge-base refs/heads/master refs/remotes/swap-foundry/master [1ms]
2024-01-17 19:01:51.818 [info] > git rev-list --count --left-right refs/heads/master...refs/remotes/swap-foundry/master [1ms]
2024-01-17 19:01:52.312 [info] > git check-ignore -v -z --stdin [2ms]
2024-01-17 19:01:54.829 [info] > git config --get commit.template [1ms]
2024-01-17 19:01:54.834 [info] > git for-each-ref --format=%(refname)%00%(upstream:short)%00%(objectname)%00%(upstream:track)%00%(upstream:remotename)%00%(upstream:remoteref) refs/heads/master refs/remotes/master [1ms]
2024-01-17 19:01:54.846 [info] > git status -z -uall [7ms]
2024-01-17 19:01:59.856 [info] > git config --get commit.template [1ms]
2024-01-17 19:01:59.860 [info] > git for-each-ref --format=%(refname)%00%(upstream:short)%00%(objectname)%00%(upstream:track)%00%(upstream:remotename)%00%(upstream:remoteref) refs/heads/master refs/remotes/master [1ms]
2024-01-17 19:01:59.873 [info] > git status -z -uall [8ms]
2024-01-17 19:02:04.882 [info] > git config --get commit.template [0ms]
2024-01-17 19:02:04.886 [info] > git for-each-ref --format=%(refname)%00%(upstream:short)%00%(objectname)%00%(upstream:track)%00%(upstream:remotename)%00%(upstream:remoteref) refs/heads/master refs/remotes/master [1ms]
2024-01-17 19:02:04.899 [info] > git status -z -uall [10ms]
2024-01-17 19:02:09.914 [info] > git config --get commit.template [6ms]
2024-01-17 19:02:09.915 [info] > git for-each-ref --format=%(refname)%00%(upstream:short)%00%(objectname)%00%(upstream:track)%00%(upstream:remotename)%00%(upstream:remoteref) refs/heads/master refs/remotes/master [1ms]
2024-01-17 19:02:09.927 [info] > git status -z -uall [9ms]
2024-01-17 19:02:13.981 [info] > git remote add swap-foundry Cmishra66/swap-token-foundry [1ms]
2024-01-17 19:02:13.981 [info] fatal: remote swap-foundry already exists.
2024-01-17 19:02:13.986 [info] > git config --get commit.template [1ms]
2024-01-17 19:02:13.989 [info] > git for-each-ref --format=%(refname)%00%(upstream:short)%00%(objectname)%00%(upstream:track)%00%(upstream:remotename)%00%(upstream:remoteref) refs/heads/master refs/remotes/master [1ms]
2024-01-17 19:02:14.002 [info] > git status -z -uall [11ms]
2024-01-17 19:02:17.608 [info] > git config --get commit.template [1ms]
2024-01-17 19:02:17.611 [info] > git for-each-ref --format=%(refname)%00%(upstream:short)%00%(objectname)%00%(upstream:track)%00%(upstream:remotename)%00%(upstream:remoteref) refs/heads/master refs/remotes/master [1ms]
2024-01-17 19:02:17.625 [info] > git status -z -uall [9ms]
2024-01-17 19:02:22.638 [info] > git config --get commit.template [4ms]
2024-01-17 19:02:22.639 [info] > git for-each-ref --format=%(refname)%00%(upstream:short)%00%(objectname)%00%(upstream:track)%00%(upstream:remotename)%00%(upstream:remoteref) refs/heads/master refs/remotes/master [1ms]
2024-01-17 19:02:22.652 [info] > git status -z -uall [9ms]
2024-01-17 19:02:27.660 [info] > git config --get commit.template [1ms]
2024-01-17 19:02:27.664 [info] > git for-each-ref --format=%(refname)%00%(upstream:short)%00%(objectname)%00%(upstream:track)%00%(upstream:remotename)%00%(upstream:remoteref) refs/heads/master refs/remotes/master [1ms]
2024-01-17 19:02:27.677 [info] > git status -z -uall [9ms]
2024-01-17 19:02:32.686 [info] > git config --get commit.template [1ms]
2024-01-17 19:02:32.689 [info] > git for-each-ref --format=%(refname)%00%(upstream:short)%00%(objectname)%00%(upstream:track)%00%(upstream:remotename)%00%(upstream:remoteref) refs/heads/master refs/remotes/master [0ms]
2024-01-17 19:02:32.702 [info] > git status -z -uall [9ms]
2024-01-17 19:02:37.714 [info] > git config --get commit.template [5ms]
2024-01-17 19:02:37.715 [info] > git for-each-ref --format=%(refname)%00%(upstream:short)%00%(objectname)%00%(upstream:track)%00%(upstream:remotename)%00%(upstream:remoteref) refs/heads/master refs/remotes/master [2ms]
2024-01-17 19:02:37.728 [info] > git status -z -uall [10ms]
2024-01-17 19:02:42.736 [info] > git config --get commit.template [1ms]
2024-01-17 19:02:42.741 [info] > git for-each-ref --format=%(refname)%00%(upstream:short)%00%(objectname)%00%(upstream:track)%00%(upstream:remotename)%00%(upstream:remoteref) refs/heads/master refs/remotes/master [1ms]
2024-01-17 19:02:42.758 [info] > git status -z -uall [11ms]
2024-01-17 19:02:47.766 [info] > git config --get commit.template [0ms]
2024-01-17 19:02:47.771 [info] > git for-each-ref --format=%(refname)%00%(upstream:short)%00%(objectname)%00%(upstream:track)%00%(upstream:remotename)%00%(upstream:remoteref) refs/heads/master refs/remotes/master [1ms]
2024-01-17 19:02:47.784 [info] > git status -z -uall [9ms]
2024-01-17 19:02:52.791 [info] > git config --get commit.template [0ms]
2024-01-17 19:02:52.797 [info] > git for-each-ref --format=%(refname)%00%(upstream:short)%00%(objectname)%00%(upstream:track)%00%(upstream:remotename)%00%(upstream:remoteref) refs/heads/master refs/remotes/master [1ms]
2024-01-17 19:02:52.814 [info] > git status -z -uall [11ms]
2024-01-17 19:02:57.821 [info] > git config --get commit.template [1ms]
2024-01-17 19:02:57.826 [info] > git for-each-ref --format=%(refname)%00%(upstream:short)%00%(objectname)%00%(upstream:track)%00%(upstream:remotename)%00%(upstream:remoteref) refs/heads/master refs/remotes/master [0ms]
2024-01-17 19:02:57.840 [info] > git status -z -uall [10ms]
2024-01-17 19:03:02.855 [info] > git config --get commit.template [5ms]
2024-01-17 19:03:02.856 [info] > git for-each-ref --format=%(refname)%00%(upstream:short)%00%(objectname)%00%(upstream:track)%00%(upstream:remotename)%00%(upstream:remoteref) refs/heads/master refs/remotes/master [1ms]
2024-01-17 19:03:02.868 [info] > git status -z -uall [8ms]
2024-01-17 19:03:07.880 [info] > git config --get commit.template [1ms]
2024-01-17 19:03:07.886 [info] > git for-each-ref --format=%(refname)%00%(upstream:short)%00%(objectname)%00%(upstream:track)%00%(upstream:remotename)%00%(upstream:remoteref) refs/heads/master refs/remotes/master [0ms]
2024-01-17 19:03:07.898 [info] > git status -z -uall [9ms]
2024-01-17 19:03:12.908 [info] > git config --get commit.template [1ms]
2024-01-17 19:03:12.912 [info] > git for-each-ref --format=%(refname)%00%(upstream:short)%00%(objectname)%00%(upstream:track)%00%(upstream:remotename)%00%(upstream:remoteref) refs/heads/master refs/remotes/master [1ms]
2024-01-17 19:03:12.923 [info] > git status -z -uall [8ms]
2024-01-17 19:03:17.931 [info] > git config --get commit.template [1ms]
2024-01-17 19:03:17.944 [info] > git for-each-ref --format=%(refname)%00%(upstream:short)%00%(objectname)%00%(upstream:track)%00%(upstream:remotename)%00%(upstream:remoteref) refs/heads/master refs/remotes/master [2ms]
2024-01-17 19:03:17.964 [info] > git status -z -uall [14ms]
2024-01-17 19:03:18.632 [info] > git remote add swap-token-foundry swap token foundry [8ms]
2024-01-17 19:03:18.641 [info] > git config --get commit.template [0ms]
2024-01-17 19:03:18.646 [info] > git for-each-ref --format=%(refname)%00%(upstream:short)%00%(objectname)%00%(upstream:track)%00%(upstream:remotename)%00%(upstream:remoteref) refs/heads/master refs/remotes/master [1ms]
2024-01-17 19:03:18.667 [info] > git status -z -uall [13ms]
2024-01-17 19:03:18.686 [info] > git fetch swap-token-foundry [11ms]
2024-01-17 19:03:18.686 [info] fatal: 'swap token foundry' does not appear to be a git repository
fatal: Could not read from remote repository.

Please make sure you have the correct access rights
and the repository exists.
2024-01-17 19:03:18.697 [info] > git config --get commit.template [6ms]
2024-01-17 19:03:18.698 [info] > git for-each-ref --format=%(refname)%00%(upstream:short)%00%(objectname)%00%(upstream:track)%00%(upstream:remotename)%00%(upstream:remoteref) refs/heads/master refs/remotes/master [1ms]
2024-01-17 19:03:18.725 [info] > git status -z -uall [19ms]
2024-01-17 19:03:23.358 [info] > git config --get commit.template [3ms]
2024-01-17 19:03:23.359 [info] > git for-each-ref --format=%(refname)%00%(upstream:short)%00%(objectname)%00%(upstream:track)%00%(upstream:remotename)%00%(upstream:remoteref) refs/heads/master refs/remotes/master [1ms]
2024-01-17 19:03:23.374 [info] > git status -z -uall [9ms]
2024-01-17 19:03:28.381 [info] > git config --get commit.template [1ms]
2024-01-17 19:03:28.385 [info] > git for-each-ref --format=%(refname)%00%(upstream:short)%00%(objectname)%00%(upstream:track)%00%(upstream:remotename)%00%(upstream:remoteref) refs/heads/master refs/remotes/master [0ms]
2024-01-17 19:03:28.399 [info] > git status -z -uall [10ms]
2024-01-17 19:03:33.410 [info] > git config --get commit.template [1ms]
2024-01-17 19:03:33.414 [info] > git for-each-ref --format=%(refname)%00%(upstream:short)%00%(objectname)%00%(upstream:track)%00%(upstream:remotename)%00%(upstream:remoteref) refs/heads/master refs/remotes/master [1ms]
2024-01-17 19:03:33.427 [info] > git status -z -uall [10ms]
2024-01-17 19:03:38.445 [info] > git config --get commit.template [6ms]
2024-01-17 19:03:38.445 [info] > git for-each-ref --format=%(refname)%00%(upstream:short)%00%(objectname)%00%(upstream:track)%00%(upstream:remotename)%00%(upstream:remoteref) refs/heads/master refs/remotes/master [1ms]
2024-01-17 19:03:38.458 [info] > git status -z -uall [7ms]
2024-01-17 19:03:39.884 [info] > git push swap-token-foundry master [10ms]
2024-01-17 19:03:39.884 [info] fatal: 'swap token foundry' does not appear to be a git repository
fatal: Could not read from remote repository.

Please make sure you have the correct access rights
and the repository exists.
2024-01-17 19:03:39.894 [info] > git config --get commit.template [5ms]
2024-01-17 19:03:39.894 [info] > git for-each-ref --format=%(refname)%00%(upstream:short)%00%(objectname)%00%(upstream:track)%00%(upstream:remotename)%00%(upstream:remoteref) refs/heads/master refs/remotes/master [1ms]
2024-01-17 19:03:39.908 [info] > git status -z -uall [10ms]
2024-01-17 19:03:43.467 [info] > git config --get commit.template [2ms]
2024-01-17 19:03:43.471 [info] > git for-each-ref --format=%(refname)%00%(upstream:short)%00%(objectname)%00%(upstream:track)%00%(upstream:remotename)%00%(upstream:remoteref) refs/heads/master refs/remotes/master [1ms]
2024-01-17 19:03:43.487 [info] > git status -z -uall [12ms]
2024-01-17 19:03:48.495 [info] > git config --get commit.template [1ms]
2024-01-17 19:03:48.499 [info] > git for-each-ref --format=%(refname)%00%(upstream:short)%00%(objectname)%00%(upstream:track)%00%(upstream:remotename)%00%(upstream:remoteref) refs/heads/master refs/remotes/master [1ms]
2024-01-17 19:03:48.513 [info] > git status -z -uall [10ms]
2024-01-17 19:03:53.530 [info] > git config --get commit.template [6ms]
2024-01-17 19:03:53.531 [info] > git for-each-ref --format=%(refname)%00%(upstream:short)%00%(objectname)%00%(upstream:track)%00%(upstream:remotename)%00%(upstream:remoteref) refs/heads/master refs/remotes/master [1ms]
2024-01-17 19:03:53.544 [info] > git status -z -uall [9ms]
2024-01-17 19:03:58.555 [info] > git config --get commit.template [2ms]
2024-01-17 19:03:58.560 [info] > git for-each-ref --format=%(refname)%00%(upstream:short)%00%(objectname)%00%(upstream:track)%00%(upstream:remotename)%00%(upstream:remoteref) refs/heads/master refs/remotes/master [1ms]
2024-01-17 19:03:58.571 [info] > git status -z -uall [8ms]
2024-01-17 19:04:03.581 [info] > git config --get commit.template [1ms]
2024-01-17 19:04:03.585 [info] > git for-each-ref --format=%(refname)%00%(upstream:short)%00%(objectname)%00%(upstream:track)%00%(upstream:remotename)%00%(upstream:remoteref) refs/heads/master refs/remotes/master [1ms]
2024-01-17 19:04:03.598 [info] > git status -z -uall [8ms]
2024-01-17 19:04:09.406 [info] > git config --get commit.template [5ms]
2024-01-17 19:04:09.407 [info] > git for-each-ref --format=%(refname)%00%(upstream:short)%00%(objectname)%00%(upstream:track)%00%(upstream:remotename)%00%(upstream:remoteref) refs/heads/master refs/remotes/master [1ms]
2024-01-17 19:04:09.418 [info] > git status -z -uall [8ms]
2024-01-17 19:04:14.424 [info] > git config --get commit.template [1ms]
2024-01-17 19:04:14.429 [info] > git for-each-ref --format=%(refname)%00%(upstream:short)%00%(objectname)%00%(upstream:track)%00%(upstream:remotename)%00%(upstream:remoteref) refs/heads/master refs/remotes/master [1ms]
2024-01-17 19:04:14.446 [info] > git status -z -uall [11ms]
2024-01-17 19:04:19.453 [info] > git config --get commit.template [1ms]
2024-01-17 19:04:19.456 [info] > git for-each-ref --format=%(refname)%00%(upstream:short)%00%(objectname)%00%(upstream:track)%00%(upstream:remotename)%00%(upstream:remoteref) refs/heads/master refs/remotes/master [0ms]
2024-01-17 19:04:19.469 [info] > git status -z -uall [9ms]
2024-01-17 19:04:24.476 [info] > git config --get commit.template [1ms]
2024-01-17 19:04:24.480 [info] > git for-each-ref --format=%(refname)%00%(upstream:short)%00%(objectname)%00%(upstream:track)%00%(upstream:remotename)%00%(upstream:remoteref) refs/heads/master refs/remotes/master [0ms]
2024-01-17 19:04:24.493 [info] > git status -z -uall [9ms]
2024-01-17 19:04:29.501 [info] > git config --get commit.template [0ms]
2024-01-17 19:04:29.505 [info] > git for-each-ref --format=%(refname)%00%(upstream:short)%00%(objectname)%00%(upstream:track)%00%(upstream:remotename)%00%(upstream:remoteref) refs/heads/master refs/remotes/master [0ms]
2024-01-17 19:04:29.518 [info] > git status -z -uall [8ms]
2024-01-17 19:04:31.052 [info] > git fetch [636ms]
2024-01-17 19:04:31.061 [info] > git config --get commit.template [4ms]
2024-01-17 19:04:31.061 [info] > git for-each-ref --format=%(refname)%00%(upstream:short)%00%(objectname)%00%(upstream:track)%00%(upstream:remotename)%00%(upstream:remoteref) refs/heads/master refs/remotes/master [0ms]
2024-01-17 19:04:31.072 [info] > git status -z -uall [7ms]
2024-01-17 19:04:34.534 [info] > git config --get commit.template [6ms]
2024-01-17 19:04:34.535 [info] > git for-each-ref --format=%(refname)%00%(upstream:short)%00%(objectname)%00%(upstream:track)%00%(upstream:remotename)%00%(upstream:remoteref) refs/heads/master refs/remotes/master [1ms]
2024-01-17 19:04:34.549 [info] > git status -z -uall [9ms]
2024-01-17 19:04:36.634 [info] > git push swap-token-foundry master [3ms]
2024-01-17 19:04:36.634 [info] fatal: 'swap token foundry' does not appear to be a git repository
fatal: Could not read from remote repository.

Please make sure you have the correct access rights
and the repository exists.
2024-01-17 19:04:36.642 [info] > git config --get commit.template [3ms]
2024-01-17 19:04:36.642 [info] > git for-each-ref --format=%(refname)%00%(upstream:short)%00%(objectname)%00%(upstream:track)%00%(upstream:remotename)%00%(upstream:remoteref) refs/heads/master refs/remotes/master [0ms]
2024-01-17 19:04:36.655 [info] > git status -z -uall [9ms]
2024-01-17 19:04:39.822 [info] > git config --get commit.template [1ms]
2024-01-17 19:04:39.830 [info] > git for-each-ref --format=%(refname)%00%(upstream:short)%00%(objectname)%00%(upstream:track)%00%(upstream:remotename)%00%(upstream:remoteref) refs/heads/master refs/remotes/master [2ms]
2024-01-17 19:04:39.843 [info] > git status -z -uall [9ms]
2024-01-17 19:04:44.856 [info] > git config --get commit.template [1ms]
2024-01-17 19:04:44.860 [info] > git for-each-ref --format=%(refname)%00%(upstream:short)%00%(objectname)%00%(upstream:track)%00%(upstream:remotename)%00%(upstream:remoteref) refs/heads/master refs/remotes/master [1ms]
2024-01-17 19:04:44.871 [info] > git status -z -uall [7ms]
2024-01-17 19:04:49.882 [info] > git config --get commit.template [1ms]
2024-01-17 19:04:49.885 [info] > git for-each-ref --format=%(refname)%00%(upstream:short)%00%(objectname)%00%(upstream:track)%00%(upstream:remotename)%00%(upstream:remoteref) refs/heads/master refs/remotes/master [0ms]
2024-01-17 19:04:49.898 [info] > git status -z -uall [9ms]
2024-01-17 19:04:54.908 [info] > git config --get commit.template [1ms]
2024-01-17 19:04:54.912 [info] > git for-each-ref --format=%(refname)%00%(upstream:short)%00%(objectname)%00%(upstream:track)%00%(upstream:remotename)%00%(upstream:remoteref) refs/heads/master refs/remotes/master [1ms]
2024-01-17 19:04:54.926 [info] > git status -z -uall [8ms]
2024-01-17 19:04:59.937 [info] > git config --get commit.template [5ms]
2024-01-17 19:04:59.938 [info] > git for-each-ref --format=%(refname)%00%(upstream:short)%00%(objectname)%00%(upstream:track)%00%(upstream:remotename)%00%(upstream:remoteref) refs/heads/master refs/remotes/master [1ms]
2024-01-17 19:04:59.952 [info] > git status -z -uall [8ms]
2024-01-17 19:04:59.979 [info] > git remote add stf Cmishra66/swap-token-foundry [8ms]
2024-01-17 19:04:59.985 [info] > git config --get commit.template [2ms]
2024-01-17 19:04:59.986 [info] > git for-each-ref --format=%(refname)%00%(upstream:short)%00%(objectname)%00%(upstream:track)%00%(upstream:remotename)%00%(upstream:remoteref) refs/heads/master refs/remotes/master [1ms]
2024-01-17 19:04:59.999 [info] > git status -z -uall [9ms]
2024-01-17 19:05:00.007 [info] > git fetch stf [4ms]
2024-01-17 19:05:00.007 [info] fatal: 'Cmishra66/swap-token-foundry' does not appear to be a git repository
fatal: Could not read from remote repository.

Please make sure you have the correct access rights
and the repository exists.
2024-01-17 19:05:00.014 [info] > git config --get commit.template [1ms]
2024-01-17 19:05:00.020 [info] > git for-each-ref --format=%(refname)%00%(upstream:short)%00%(objectname)%00%(upstream:track)%00%(upstream:remotename)%00%(upstream:remoteref) refs/heads/master refs/remotes/master [1ms]
2024-01-17 19:05:00.033 [info] > git status -z -uall [8ms]
2024-01-17 19:05:04.959 [info] > git config --get commit.template [0ms]
2024-01-17 19:05:04.963 [info] > git for-each-ref --format=%(refname)%00%(upstream:short)%00%(objectname)%00%(upstream:track)%00%(upstream:remotename)%00%(upstream:remoteref) refs/heads/master refs/remotes/master [1ms]
2024-01-17 19:05:04.976 [info] > git status -z -uall [10ms]
2024-01-17 19:05:12.202 [info] > git config --get commit.template [1ms]
2024-01-17 19:05:12.206 [info] > git for-each-ref --format=%(refname)%00%(upstream:short)%00%(objectname)%00%(upstream:track)%00%(upstream:remotename)%00%(upstream:remoteref) refs/heads/master refs/remotes/master [1ms]
2024-01-17 19:05:12.219 [info] > git status -z -uall [9ms]
2024-01-17 19:05:17.226 [info] > git config --get commit.template [0ms]
2024-01-17 19:05:17.230 [info] > git for-each-ref --format=%(refname)%00%(upstream:short)%00%(objectname)%00%(upstream:track)%00%(upstream:remotename)%00%(upstream:remoteref) refs/heads/master refs/remotes/master [1ms]
2024-01-17 19:05:17.241 [info] > git status -z -uall [8ms]
2024-01-17 19:05:22.250 [info] > git config --get commit.template [0ms]
2024-01-17 19:05:22.254 [info] > git for-each-ref --format=%(refname)%00%(upstream:short)%00%(objectname)%00%(upstream:track)%00%(upstream:remotename)%00%(upstream:remoteref) refs/heads/master refs/remotes/master [1ms]
2024-01-17 19:05:22.267 [info] > git status -z -uall [9ms]
2024-01-17 19:05:27.275 [info] > git config --get commit.template [0ms]
2024-01-17 19:05:27.280 [info] > git for-each-ref --format=%(refname)%00%(upstream:short)%00%(objectname)%00%(upstream:track)%00%(upstream:remotename)%00%(upstream:remoteref) refs/heads/master refs/remotes/master [1ms]
2024-01-17 19:05:27.295 [info] > git status -z -uall [10ms]
2024-01-17 19:05:32.303 [info] > git config --get commit.template [0ms]
2024-01-17 19:05:32.309 [info] > git for-each-ref --format=%(refname)%00%(upstream:short)%00%(objectname)%00%(upstream:track)%00%(upstream:remotename)%00%(upstream:remoteref) refs/heads/master refs/remotes/master [1ms]
2024-01-17 19:05:32.328 [info] > git status -z -uall [11ms]
2024-01-17 19:05:37.334 [info] > git config --get commit.template [0ms]
2024-01-17 19:05:37.338 [info] > git for-each-ref --format=%(refname)%00%(upstream:short)%00%(objectname)%00%(upstream:track)%00%(upstream:remotename)%00%(upstream:remoteref) refs/heads/master refs/remotes/master [1ms]
2024-01-17 19:05:37.348 [info] > git status -z -uall [7ms]
2024-01-17 19:05:41.644 [info] > git remote add swap-token-using-foundry https://github.com/Cmishra66/swap-token-foundry' [10ms]
2024-01-17 19:05:41.647 [info] > git config --get commit.template [0ms]
2024-01-17 19:05:41.650 [info] > git for-each-ref --format=%(refname)%00%(upstream:short)%00%(objectname)%00%(upstream:track)%00%(upstream:remotename)%00%(upstream:remoteref) refs/heads/master refs/remotes/master [0ms]
2024-01-17 19:05:41.663 [info] > git status -z -uall [8ms]
2024-01-17 19:05:42.396 [info] > git fetch swap-token-using-foundry [729ms]
2024-01-17 19:05:42.396 [info] remote: Repository not found.
fatal: repository 'https://github.com/Cmishra66/swap-token-foundry'/' not found
2024-01-17 19:05:42.405 [info] > git config --get commit.template [1ms]
2024-01-17 19:05:42.409 [info] > git for-each-ref --format=%(refname)%00%(upstream:short)%00%(objectname)%00%(upstream:track)%00%(upstream:remotename)%00%(upstream:remoteref) refs/heads/master refs/remotes/master [0ms]
2024-01-17 19:05:42.420 [info] > git status -z -uall [8ms]
2024-01-17 19:05:42.431 [info] > git config --get commit.template [5ms]
2024-01-17 19:05:42.432 [info] > git for-each-ref --format=%(refname)%00%(upstream:short)%00%(objectname)%00%(upstream:track)%00%(upstream:remotename)%00%(upstream:remoteref) refs/heads/master refs/remotes/master [1ms]
2024-01-17 19:05:42.447 [info] > git status -z -uall [10ms]
2024-01-17 19:05:47.457 [info] > git config --get commit.template [4ms]
2024-01-17 19:05:47.457 [info] > git for-each-ref --format=%(refname)%00%(upstream:short)%00%(objectname)%00%(upstream:track)%00%(upstream:remotename)%00%(upstream:remoteref) refs/heads/master refs/remotes/master [1ms]
2024-01-17 19:05:47.470 [info] > git status -z -uall [8ms]
2024-01-17 19:05:51.071 [info] > git push swap-foundry master:master [1189ms]
2024-01-17 19:05:51.071 [info] Everything up-to-date
2024-01-17 19:05:51.078 [info] > git config --get commit.template [2ms]
2024-01-17 19:05:51.078 [info] > git for-each-ref --format=%(refname)%00%(upstream:short)%00%(objectname)%00%(upstream:track)%00%(upstream:remotename)%00%(upstream:remoteref) refs/heads/master refs/remotes/master [1ms]
2024-01-17 19:05:51.089 [info] > git status -z -uall [8ms]
2024-01-17 19:05:52.481 [info] > git config --get commit.template [1ms]
2024-01-17 19:05:52.484 [info] > git for-each-ref --format=%(refname)%00%(upstream:short)%00%(objectname)%00%(upstream:track)%00%(upstream:remotename)%00%(upstream:remoteref) refs/heads/master refs/remotes/master [1ms]
2024-01-17 19:05:52.497 [info] > git status -z -uall [10ms]
2024-01-17 19:06:09.893 [info] > git config --get commit.template [4ms]
2024-01-17 19:06:09.894 [info] > git for-each-ref --format=%(refname)%00%(upstream:short)%00%(objectname)%00%(upstream:track)%00%(upstream:remotename)%00%(upstream:remoteref) refs/heads/master refs/remotes/master [1ms]
2024-01-17 19:06:09.909 [info] > git status -z -uall [10ms]
2024-01-17 19:06:14.925 [info] > git config --get commit.template [5ms]
2024-01-17 19:06:14.926 [info] > git for-each-ref --format=%(refname)%00%(upstream:short)%00%(objectname)%00%(upstream:track)%00%(upstream:remotename)%00%(upstream:remoteref) refs/heads/master refs/remotes/master [1ms]
2024-01-17 19:06:14.938 [info] > git status -z -uall [9ms]
2024-01-17 19:06:18.107 [info] > git push swap-foundry master:master [1074ms]
2024-01-17 19:06:18.107 [info] Everything up-to-date
2024-01-17 19:06:18.113 [info] > git config --get commit.template [1ms]
2024-01-17 19:06:18.116 [info] > git for-each-ref --format=%(refname)%00%(upstream:short)%00%(objectname)%00%(upstream:track)%00%(upstream:remotename)%00%(upstream:remoteref) refs/heads/master refs/remotes/master [0ms]
2024-01-17 19:06:18.129 [info] > git status -z -uall [7ms]
2024-01-17 19:06:19.948 [info] > git config --get commit.template [2ms]
2024-01-17 19:06:19.948 [info] > git for-each-ref --format=%(refname)%00%(upstream:short)%00%(objectname)%00%(upstream:track)%00%(upstream:remotename)%00%(upstream:remoteref) refs/heads/master refs/remotes/master [1ms]
2024-01-17 19:06:19.961 [info] > git status -z -uall [9ms]
2024-01-17 19:06:24.969 [info] > git config --get commit.template [1ms]
2024-01-17 19:06:24.975 [info] > git for-each-ref --format=%(refname)%00%(upstream:short)%00%(objectname)%00%(upstream:track)%00%(upstream:remotename)%00%(upstream:remoteref) refs/heads/master refs/remotes/master [1ms]
2024-01-17 19:06:24.989 [info] > git status -z -uall [10ms]
2024-01-17 19:06:29.998 [info] > git config --get commit.template [1ms]
2024-01-17 19:06:30.002 [info] > git for-each-ref --format=%(refname)%00%(upstream:short)%00%(objectname)%00%(upstream:track)%00%(upstream:remotename)%00%(upstream:remoteref) refs/heads/master refs/remotes/master [1ms]
2024-01-17 19:06:30.016 [info] > git status -z -uall [10ms]
2024-01-17 19:06:35.024 [info] > git config --get commit.template [1ms]
2024-01-17 19:06:35.028 [info] > git for-each-ref --format=%(refname)%00%(upstream:short)%00%(objectname)%00%(upstream:track)%00%(upstream:remotename)%00%(upstream:remoteref) refs/heads/master refs/remotes/master [1ms]
2024-01-17 19:06:35.040 [info] > git status -z -uall [9ms]
