2024-01-17 18:57:31.997 [info] Extension host with pid 125 started
2024-01-17 18:57:32.068 [info] ExtensionService#_doActivateExtension vscode.emmet, startup: false, activationEvent: 'onLanguage'
2024-01-17 18:57:32.132 [info] Lock '/home/kiit/.vscode-server/data/User/workspaceStorage/b990cc2445126e36d0fd3eabbc866fb2/vscode.lock': Lock acquired.
2024-01-17 18:57:32.280 [info] ExtensionService#_doActivateExtension vscode.git-base, startup: true, activationEvent: '*', root cause: vscode.git
2024-01-17 18:57:32.304 [info] ExtensionService#_doActivateExtension vscode.git, startup: true, activationEvent: '*'
2024-01-17 18:57:32.304 [info] ExtensionService#_doActivateExtension vscode.github, startup: true, activationEvent: '*'
2024-01-17 18:57:32.929 [info] Eager extensions activated
2024-01-17 18:57:32.930 [info] ExtensionService#_doActivateExtension vscode.debug-auto-launch, startup: false, activationEvent: 'onStartupFinished'
2024-01-17 18:57:32.931 [info] ExtensionService#_doActivateExtension vscode.merge-conflict, startup: false, activationEvent: 'onStartupFinished'
2024-01-17 19:09:20.355 [error] Error: Git error
	at ChildProcess.<anonymous> (/home/kiit/.vscode-server/bin/0ee08df0cf4527e40edc9aa28f4b5bd38bbff2b2/extensions/git/dist/main.js:2:990935)
	at ChildProcess.emit (node:events:525:35)
	at ChildProcess._handle.onexit (node:internal/child_process:291:12)
2024-01-17 19:09:20.356 [error] Error: Git error
	at ChildProcess.<anonymous> (/home/kiit/.vscode-server/bin/0ee08df0cf4527e40edc9aa28f4b5bd38bbff2b2/extensions/git/dist/main.js:2:990935)
	at ChildProcess.emit (node:events:525:35)
	at ChildProcess._handle.onexit (node:internal/child_process:291:12)
2024-01-17 19:09:20.356 [error] Error: Git error
	at ChildProcess.<anonymous> (/home/kiit/.vscode-server/bin/0ee08df0cf4527e40edc9aa28f4b5bd38bbff2b2/extensions/git/dist/main.js:2:990935)
	at ChildProcess.emit (node:events:525:35)
	at ChildProcess._handle.onexit (node:internal/child_process:291:12)
2024-01-17 19:09:20.356 [error] Error: Git error
	at ChildProcess.<anonymous> (/home/kiit/.vscode-server/bin/0ee08df0cf4527e40edc9aa28f4b5bd38bbff2b2/extensions/git/dist/main.js:2:990935)
	at ChildProcess.emit (node:events:525:35)
	at ChildProcess._handle.onexit (node:internal/child_process:291:12)
2024-01-17 19:09:20.356 [error] Error: Git error
	at ChildProcess.<anonymous> (/home/kiit/.vscode-server/bin/0ee08df0cf4527e40edc9aa28f4b5bd38bbff2b2/extensions/git/dist/main.js:2:990935)
	at ChildProcess.emit (node:events:525:35)
	at ChildProcess._handle.onexit (node:internal/child_process:291:12)
2024-01-17 19:09:20.356 [error] Error: Git error
	at ChildProcess.<anonymous> (/home/kiit/.vscode-server/bin/0ee08df0cf4527e40edc9aa28f4b5bd38bbff2b2/extensions/git/dist/main.js:2:990935)
	at ChildProcess.emit (node:events:525:35)
	at ChildProcess._handle.onexit (node:internal/child_process:291:12)
2024-01-17 19:09:20.356 [error] Error: Git error
	at ChildProcess.<anonymous> (/home/kiit/.vscode-server/bin/0ee08df0cf4527e40edc9aa28f4b5bd38bbff2b2/extensions/git/dist/main.js:2:990935)
	at ChildProcess.emit (node:events:525:35)
	at ChildProcess._handle.onexit (node:internal/child_process:291:12)
2024-01-17 19:09:20.356 [error] Error: Git error
	at ChildProcess.<anonymous> (/home/kiit/.vscode-server/bin/0ee08df0cf4527e40edc9aa28f4b5bd38bbff2b2/extensions/git/dist/main.js:2:990935)
	at ChildProcess.emit (node:events:525:35)
	at ChildProcess._handle.onexit (node:internal/child_process:291:12)
2024-01-17 19:09:20.356 [error] Error: Git error
	at ChildProcess.<anonymous> (/home/kiit/.vscode-server/bin/0ee08df0cf4527e40edc9aa28f4b5bd38bbff2b2/extensions/git/dist/main.js:2:990935)
	at ChildProcess.emit (node:events:525:35)
	at ChildProcess._handle.onexit (node:internal/child_process:291:12)
2024-01-17 19:09:20.356 [error] Error: Git error
	at ChildProcess.<anonymous> (/home/kiit/.vscode-server/bin/0ee08df0cf4527e40edc9aa28f4b5bd38bbff2b2/extensions/git/dist/main.js:2:990935)
	at ChildProcess.emit (node:events:525:35)
	at ChildProcess._handle.onexit (node:internal/child_process:291:12)
2024-01-17 19:09:21.358 [error] Error: Git error
	at ChildProcess.<anonymous> (/home/kiit/.vscode-server/bin/0ee08df0cf4527e40edc9aa28f4b5bd38bbff2b2/extensions/git/dist/main.js:2:990935)
	at ChildProcess.emit (node:events:525:35)
	at ChildProcess._handle.onexit (node:internal/child_process:291:12)
2024-01-17 19:09:21.361 [error] Error: Git error
	at ChildProcess.<anonymous> (/home/kiit/.vscode-server/bin/0ee08df0cf4527e40edc9aa28f4b5bd38bbff2b2/extensions/git/dist/main.js:2:990935)
	at ChildProcess.emit (node:events:525:35)
	at ChildProcess._handle.onexit (node:internal/child_process:291:12)
2024-01-17 19:09:21.362 [error] Error: Git error
	at ChildProcess.<anonymous> (/home/kiit/.vscode-server/bin/0ee08df0cf4527e40edc9aa28f4b5bd38bbff2b2/extensions/git/dist/main.js:2:990935)
	at ChildProcess.emit (node:events:525:35)
	at ChildProcess._handle.onexit (node:internal/child_process:291:12)
2024-01-17 19:09:21.362 [error] Error: Git error
	at ChildProcess.<anonymous> (/home/kiit/.vscode-server/bin/0ee08df0cf4527e40edc9aa28f4b5bd38bbff2b2/extensions/git/dist/main.js:2:990935)
	at ChildProcess.emit (node:events:525:35)
	at ChildProcess._handle.onexit (node:internal/child_process:291:12)
2024-01-17 19:09:21.363 [error] Error: Git error
	at ChildProcess.<anonymous> (/home/kiit/.vscode-server/bin/0ee08df0cf4527e40edc9aa28f4b5bd38bbff2b2/extensions/git/dist/main.js:2:990935)
	at ChildProcess.emit (node:events:525:35)
	at ChildProcess._handle.onexit (node:internal/child_process:291:12)
2024-01-17 19:09:21.364 [error] Error: Git error
	at ChildProcess.<anonymous> (/home/kiit/.vscode-server/bin/0ee08df0cf4527e40edc9aa28f4b5bd38bbff2b2/extensions/git/dist/main.js:2:990935)
	at ChildProcess.emit (node:events:525:35)
	at ChildProcess._handle.onexit (node:internal/child_process:291:12)
2024-01-17 19:09:21.365 [error] Error: Git error
	at ChildProcess.<anonymous> (/home/kiit/.vscode-server/bin/0ee08df0cf4527e40edc9aa28f4b5bd38bbff2b2/extensions/git/dist/main.js:2:990935)
	at ChildProcess.emit (node:events:525:35)
	at ChildProcess._handle.onexit (node:internal/child_process:291:12)
2024-01-17 19:09:21.365 [error] Error: Git error
	at ChildProcess.<anonymous> (/home/kiit/.vscode-server/bin/0ee08df0cf4527e40edc9aa28f4b5bd38bbff2b2/extensions/git/dist/main.js:2:990935)
	at ChildProcess.emit (node:events:525:35)
	at ChildProcess._handle.onexit (node:internal/child_process:291:12)
2024-01-17 19:09:21.365 [error] Error: Git error
	at ChildProcess.<anonymous> (/home/kiit/.vscode-server/bin/0ee08df0cf4527e40edc9aa28f4b5bd38bbff2b2/extensions/git/dist/main.js:2:990935)
	at ChildProcess.emit (node:events:525:35)
	at ChildProcess._handle.onexit (node:internal/child_process:291:12)
2024-01-17 19:09:21.366 [error] Error: Git error
	at ChildProcess.<anonymous> (/home/kiit/.vscode-server/bin/0ee08df0cf4527e40edc9aa28f4b5bd38bbff2b2/extensions/git/dist/main.js:2:990935)
	at ChildProcess.emit (node:events:525:35)
	at ChildProcess._handle.onexit (node:internal/child_process:291:12)
